#
# A fatal error has been detected by the Java Runtime Environment:
#
#  EXCEPTION_ACCESS_VIOLATION (0xc0000005) at pc=0x00007ffc8ff8f211, pid=8352, tid=10744
#
# JRE version: Java(TM) SE Runtime Environment (16.0.1+9) (build 16.0.1+9-24)
# Java VM: Java HotSpot(TM) 64-Bit Server VM (16.0.1+9-24, mixed mode, sharing, tiered, compressed oops, compressed class ptrs, g1 gc, windows-amd64)
# Problematic frame:
# V  [jvm.dll+0x2ff211]
#
# No core dump will be written. Minidumps are not enabled by default on client versions of Windows
#
# If you would like to submit a bug report, please visit:
#   https://bugreport.java.com/bugreport/crash.jsp
#

---------------  S U M M A R Y ------------

Command Line: -ea -Xmx512m -Didea.test.cyclic.buffer.size=1048576 -javaagent:C:\Program Files\JetBrains\IntelliJ IDEA Community Edition 2021.1\lib\idea_rt.jar=63629:C:\Program Files\JetBrains\IntelliJ IDEA Community Edition 2021.1\bin -Dfile.encoding=UTF-8 com.intellij.rt.junit.JUnitStarter -ideVersion5 -junit4 org.fasttrackit.features.search.ElementsTest,radioButtonTest

Host: Intel(R) Core(TM) i5-5200U CPU @ 2.20GHz, 4 cores, 15G,  Windows 10 , 64 bit Build 19041 (10.0.19041.928)
Time: Fri May 14 10:26:38 2021 GTB Daylight Time elapsed time: 6.198997 seconds (0d 0h 0m 6s)

---------------  T H R E A D  ---------------

Current thread (0x00000284b32738a0):  GCTaskThread "GC Thread#0" [stack: 0x000000c609e00000,0x000000c609f00000] [id=10744]

Stack: [0x000000c609e00000,0x000000c609f00000],  sp=0x000000c609eff370,  free space=1020k
Native frames: (J=compiled Java code, j=interpreted, Vv=VM code, C=native code)
V  [jvm.dll+0x2ff211]
V  [jvm.dll+0x2fbf0e]
V  [jvm.dll+0x30a423]
V  [jvm.dll+0x30c41e]
V  [jvm.dll+0x30aa6d]
V  [jvm.dll+0x30bfdd]
V  [jvm.dll+0x2d7133]
V  [jvm.dll+0x2d8a9b]
V  [jvm.dll+0x7f844b]
V  [jvm.dll+0x779b4a]
V  [jvm.dll+0x667666]
C  [ucrtbase.dll+0x21bb2]
C  [KERNEL32.DLL+0x17034]
C  [ntdll.dll+0x52651]


siginfo: EXCEPTION_ACCESS_VIOLATION (0xc0000005), reading address 0x00000000cdc66088


Register to memory mapping:

RIP=0x00007ffc8ff8f211 jvm.dll
RAX=0x00000284b3271580 points into unknown readable memory: 0x0000000000000000 | 00 00 00 00 00 00 00 00
RBX=0x00000000e101fd89 is pointing into object: java.io.File 
{0x00000000e101fd78} - klass: 'java/io/File'
RCX=0x0 is NULL
RDX=0x0000000000000cdc is an unknown value
RSP=0x000000c609eff370 points into unknown readable memory: 0x0000000000000100 | 00 01 00 00 00 00 00 00
RBP=0x0000000000001c09 is an unknown value
RSI=0x00000000e101fd88 is pointing into object: java.io.File 
{0x00000000e101fd78} - klass: 'java/io/File'
RDI=0x00000284cf834d70 points into unknown readable memory: 0x00007ffc90578918 | 18 89 57 90 fc 7f 00 00
R8 =0x00000000e101fd78 is an oop: java.io.File 
{0x00000000e101fd78} - klass: 'java/io/File'
R9 =0x00007ffc8fc90000 jvm.dll
R10=0x00000000cdc66088 is an unknown value
R11=0x00000000e101fcd8 is an oop: [B 
{0x00000000e101fcd8} - klass: {type array byte}
 - length: 109
R12=0x000000c609eff620 points into unknown readable memory: 0x00007ffc90579ac0 | c0 9a 57 90 fc 7f 00 00
R13=0x00000284b325d560 points into unknown readable memory: 0x0000000000000200 | 00 02 00 00 00 00 00 00
R14=0x0000000000000040 is an unknown value
R15=0x0 is NULL


Registers:
RAX=0x00000284b3271580, RBX=0x00000000e101fd89, RCX=0x0000000000000000, RDX=0x0000000000000cdc
RSP=0x000000c609eff370, RBP=0x0000000000001c09, RSI=0x00000000e101fd88, RDI=0x00000284cf834d70
R8 =0x00000000e101fd78, R9 =0x00007ffc8fc90000, R10=0x00000000cdc66088, R11=0x00000000e101fcd8
R12=0x000000c609eff620, R13=0x00000284b325d560, R14=0x0000000000000040, R15=0x0000000000000000
RIP=0x00007ffc8ff8f211, EFLAGS=0x0000000000010246

Top of Stack: (sp=0x000000c609eff370)
0x000000c609eff370:   0000000000000100 00007ffc8ff90001
0x000000c609eff380:   0000000000000001 0000000000000001
0x000000c609eff390:   000000c609eff410 00007ffc90410001
0x000000c609eff3a0:   00000000e0b00000 00007ffc8ff998f6
0x000000c609eff3b0:   00000284b3294a50 00000284c99b5b00
0x000000c609eff3c0:   0000000000000100 0000000000004000
0x000000c609eff3d0:   000000c609eff620 00000000e0b60000
0x000000c609eff3e0:   00000284cf834d70 00007ffc8ff8bf0e
0x000000c609eff3f0:   00000284b325c068 00007ffc90418d87
0x000000c609eff400:   00000284c99b0000 0000000000000100
0x000000c609eff410:   0000000003adb2ae 00000003238fb0c4
0x000000c609eff420:   000000c609eff620 00000000e0b60000
0x000000c609eff430:   00000000e0b80000 00007ffc8ff9a423
0x000000c609eff440:   0000000000000001 000000c609eff460
0x000000c609eff450:   000000c609eff470 00000003237fa5b6
0x000000c609eff460:   00000000e0b60000 0000000000004000 

Instructions: (pc=0x00007ffc8ff8f211)
0x00007ffc8ff8f111:   0b fd ff ff 66 66 66 0f 1f 84 00 00 00 00 00 48
0x00007ffc8ff8f121:   8b 77 10 8b ae 80 00 00 00 8b cd 8b 86 00 01 00
0x00007ffc8ff8f131:   00 2b c8 81 e1 ff ff 01 00 41 3b ce 0f 86 16 03
0x00007ffc8ff8f141:   00 00 ff cd 81 e5 ff ff 01 00 89 ae 80 00 00 00
0x00007ffc8ff8f151:   e8 aa aa 35 00 8b 86 00 01 00 00 8b cd 48 8b 9e
0x00007ffc8ff8f161:   80 01 00 00 2b c8 81 e1 ff ff 01 00 8b d5 81 f9
0x00007ffc8ff8f171:   ff ff 01 00 48 8b 1c eb 41 0f 44 cf 85 c9 75 41
0x00007ffc8ff8f181:   48 8b 86 00 01 00 00 48 8b c8 48 89 44 24 28 48
0x00007ffc8ff8f191:   c1 e9 20 ff c1 89 6c 24 20 89 4c 24 24 3b e8 0f
0x00007ffc8ff8f1a1:   85 a1 02 00 00 48 c1 e1 20 48 0b ca f0 48 0f b1
0x00007ffc8ff8f1b1:   8e 00 01 00 00 0f 85 8b 02 00 00 8b 86 00 01 00
0x00007ffc8ff8f1c1:   00 f6 c3 01 0f 84 44 01 00 00 8b 0d 67 1e 77 00
0x00007ffc8ff8f1d1:   48 8d 73 ff 48 8b 47 08 44 8b 16 49 d3 e2 4c 03
0x00007ffc8ff8f1e1:   15 4a 1e 77 00 8b 88 78 05 00 00 49 8b d2 48 8b
0x00007ffc8ff8f1f1:   80 68 05 00 00 48 d3 ea 0f b7 0c 50 66 89 8c 24
0x00007ffc8ff8f201:   90 00 00 00 66 c1 e9 08 84 c9 0f 88 0f ff ff ff
0x00007ffc8ff8f211:   4d 8b 02 41 0f b6 c0 24 03 3c 03 75 1e 44 38 3d
0x00007ffc8ff8f221:   3d 87 7d 00 74 0f 41 0f b6 c0 24 07 3c 05 75 05
0x00007ffc8ff8f231:   4d 8b c7 eb 1f 49 83 e0 fc eb 19 0f b7 94 24 90
0x00007ffc8ff8f241:   00 00 00 4d 8b c8 4d 8b c2 48 8b cf e8 7e ee ff
0x00007ffc8ff8f251:   ff 4c 8b c0 8b 0d dd 1d 77 00 49 8b d0 48 2b 15
0x00007ffc8ff8f261:   cb 1d 77 00 48 d3 ea 89 16 49 8b d0 8b 0d 1d 90
0x00007ffc8ff8f271:   7d 00 48 33 d6 48 d3 ea 48 85 d2 0f 84 9e fe ff
0x00007ffc8ff8f281:   ff 48 8b 47 08 48 8b d6 8b 88 c0 01 00 00 48 8b
0x00007ffc8ff8f291:   80 b0 01 00 00 48 d3 ea 48 8b 0c d0 8b 81 cc 00
0x00007ffc8ff8f2a1:   00 00 d1 e8 a8 01 0f 85 73 fe ff ff 48 8b 47 08
0x00007ffc8ff8f2b1:   8b 88 78 05 00 00 48 8b 80 68 05 00 00 49 d3 e8
0x00007ffc8ff8f2c1:   46 38 3c 40 0f 84 55 fe ff ff 48 8b 87 80 00 00
0x00007ffc8ff8f2d1:   00 48 c1 ee 09 48 8b 58 48 48 8b 50 40 48 03 de
0x00007ffc8ff8f2e1:   48 2b da 48 39 9f d0 01 00 00 0f 84 2f fe ff ff
0x00007ffc8ff8f2f1:   44 38 7f 28 48 8d 4f 18 74 08 48 03 d3 e8 3d be
0x00007ffc8ff8f301:   3a 00 48 89 9f d0 01 00 00 e9 11 fe ff ff f6 c3 


Stack slot to memory mapping:
stack at sp + 0 slots: 0x0000000000000100 is an unknown value
stack at sp + 1 slots: 0x00007ffc8ff90001 jvm.dll
stack at sp + 2 slots: 0x0000000000000001 is an unknown value
stack at sp + 3 slots: 0x0000000000000001 is an unknown value
stack at sp + 4 slots: 0x000000c609eff410 points into unknown readable memory: 0x0000000003adb2ae | ae b2 ad 03 00 00 00 00
stack at sp + 5 slots: 0x00007ffc90410001 jvm.dll
stack at sp + 6 slots: 0x00000000e0b00000 is an oop: [Ljava.lang.Object; 
{0x00000000e0b00000} - klass: 'java/lang/Object'[]
 - length: 131072
stack at sp + 7 slots: 0x00007ffc8ff998f6 jvm.dll


---------------  P R O C E S S  ---------------

Threads class SMR info:
_java_thread_list=0x00000284d0811150, length=17, elements={
0x00000284b3249d00, 0x00000284cd17f830, 0x00000284cd180600, 0x00000284cd191cd0,
0x00000284cd1935f0, 0x00000284cd1946a0, 0x00000284cd195750, 0x00000284cd19a030,
0x00000284cd19c8d0, 0x00000284cd1b9da0, 0x00000284cd160240, 0x00000284cde348a0,
0x00000284cde3d140, 0x00000284cf03c1b0, 0x00000284d0feb050, 0x00000284cf908550,
0x00000284d0fe1580
}

Java Threads: ( => current thread )
  0x00000284b3249d00 JavaThread "main" [_thread_blocked, id=15300, stack(0x000000c609d00000,0x000000c609e00000)]
  0x00000284cd17f830 JavaThread "Reference Handler" daemon [_thread_blocked, id=19976, stack(0x000000c60a400000,0x000000c60a500000)]
  0x00000284cd180600 JavaThread "Finalizer" daemon [_thread_blocked, id=17468, stack(0x000000c60a500000,0x000000c60a600000)]
  0x00000284cd191cd0 JavaThread "Signal Dispatcher" daemon [_thread_blocked, id=12348, stack(0x000000c60a600000,0x000000c60a700000)]
  0x00000284cd1935f0 JavaThread "Attach Listener" daemon [_thread_blocked, id=12044, stack(0x000000c60a700000,0x000000c60a800000)]
  0x00000284cd1946a0 JavaThread "Service Thread" daemon [_thread_blocked, id=9004, stack(0x000000c60a800000,0x000000c60a900000)]
  0x00000284cd195750 JavaThread "Monitor Deflation Thread" daemon [_thread_blocked, id=19152, stack(0x000000c60a900000,0x000000c60aa00000)]
  0x00000284cd19a030 JavaThread "C2 CompilerThread0" daemon [_thread_blocked, id=10388, stack(0x000000c60aa00000,0x000000c60ab00000)]
  0x00000284cd19c8d0 JavaThread "C1 CompilerThread0" daemon [_thread_blocked, id=20076, stack(0x000000c60ab00000,0x000000c60ac00000)]
  0x00000284cd1b9da0 JavaThread "Sweeper thread" daemon [_thread_blocked, id=19416, stack(0x000000c60ac00000,0x000000c60ad00000)]
  0x00000284cd160240 JavaThread "Common-Cleaner" daemon [_thread_blocked, id=9208, stack(0x000000c60ad00000,0x000000c60ae00000)]
  0x00000284cde348a0 JavaThread "Monitor Ctrl-Break" daemon [_thread_in_native, id=15544, stack(0x000000c60ae00000,0x000000c60af00000)]
  0x00000284cde3d140 JavaThread "Notification Thread" daemon [_thread_blocked, id=4264, stack(0x000000c60af00000,0x000000c60b000000)]
  0x00000284cf03c1b0 JavaThread "C2 CompilerThread1" daemon [_thread_blocked, id=2840, stack(0x000000c60b100000,0x000000c60b200000)]
  0x00000284d0feb050 JavaThread "ForkJoinPool.commonPool-worker-3" daemon [_thread_blocked, id=13896, stack(0x000000c60b600000,0x000000c60b700000)]
  0x00000284cf908550 JavaThread "ForkJoinPool.commonPool-worker-5" daemon [_thread_blocked, id=10164, stack(0x000000c60b700000,0x000000c60b800000)]
  0x00000284d0fe1580 JavaThread "ForkJoinPool.commonPool-worker-7" daemon [_thread_blocked, id=11572, stack(0x000000c60b800000,0x000000c60b900000)]

Other Threads:
  0x00000284cd17b530 VMThread "VM Thread" [stack: 0x000000c60a300000,0x000000c60a400000] [id=18304]
  0x00000284b324ad80 WatcherThread [stack: 0x000000c60b000000,0x000000c60b100000] [id=4192]
=>0x00000284b32738a0 GCTaskThread "GC Thread#0" [stack: 0x000000c609e00000,0x000000c609f00000] [id=10744]
  0x00000284ce111b00 GCTaskThread "GC Thread#1" [stack: 0x000000c60b200000,0x000000c60b300000] [id=13336]
  0x00000284ce111e10 GCTaskThread "GC Thread#2" [stack: 0x000000c60b300000,0x000000c60b400000] [id=16028]
  0x00000284ce276a30 GCTaskThread "GC Thread#3" [stack: 0x000000c60b400000,0x000000c60b500000] [id=10776]
  0x00000284b3279800 ConcurrentGCThread "G1 Main Marker" [stack: 0x000000c609f00000,0x000000c60a000000] [id=6044]
  0x00000284b327a180 ConcurrentGCThread "G1 Conc#0" [stack: 0x000000c60a000000,0x000000c60a100000] [id=19988]
  0x00000284b330e7b0 ConcurrentGCThread "G1 Refine#0" [stack: 0x000000c60a100000,0x000000c60a200000] [id=17612]
  0x00000284cea07b10 ConcurrentGCThread "G1 Refine#1" [stack: 0x000000c60b500000,0x000000c60b600000] [id=10716]
  0x00000284cd038330 ConcurrentGCThread "G1 Service" [stack: 0x000000c60a200000,0x000000c60a300000] [id=14368]

Threads with active compile tasks:
C2 CompilerThread0     6260 2490   !   4       java.net.URL::<init> (543 bytes)

VM state: at safepoint (normal execution)

VM Mutex/Monitor currently owned by a thread:  ([mutex/lock_event])
[0x00000284b3247820] Threads_lock - owner thread: 0x00000284cd17b530
[0x00000284b3245db0] Heap_lock - owner thread: 0x00000284b3249d00

Heap address: 0x00000000e0000000, size: 512 MB, Compressed Oops mode: 32-bit

CDS archive(s) mapped at: [0x0000000800000000-0x0000000800bb0000-0x0000000800bb0000), size 12255232, SharedBaseAddress: 0x0000000800000000, ArchiveRelocationMode: 0.
Compressed class space mapped at: 0x0000000800c00000-0x0000000840c00000, reserved size: 1073741824
Narrow klass base: 0x0000000800000000, Narrow klass shift: 3, Narrow klass range: 0x100000000

GC Precious Log:
 CPUs: 4 total, 4 available
 Memory: 16118M
 Large Page Support: Disabled
 NUMA Support: Disabled
 Compressed Oops: Enabled (32-bit)
 Heap Region Size: 1M
 Heap Min Capacity: 8M
 Heap Initial Capacity: 252M
 Heap Max Capacity: 512M
 Pre-touch: Disabled
 Parallel Workers: 4
 Concurrent Workers: 1
 Concurrent Refinement Workers: 4
 Periodic GC: Disabled

Heap:
 garbage-first heap   total 258048K, used 93306K [0x00000000e0000000, 0x0000000100000000)
  region size 1024K, 88 young (90112K), 10 survivors (10240K)
 Metaspace       used 18757K, committed 19008K, reserved 1064960K
  class space    used 2483K, committed 2624K, reserved 1048576K

Heap Regions: E=young(eden), S=young(survivor), O=old, HS=humongous(starts), HC=humongous(continues), CS=collection set, F=free, OA=open archive, CA=closed archive, TAMS=top-at-mark-start (previous, next)
|   0|0x00000000e0000000, 0x00000000e0100000, 0x00000000e0100000|100%|HS|  |TAMS 0x00000000e0000000, 0x00000000e0000000| Complete 
|   1|0x00000000e0100000, 0x00000000e0200000, 0x00000000e0200000|100%|HC|  |TAMS 0x00000000e0100000, 0x00000000e0100000| Complete 
|   2|0x00000000e0200000, 0x00000000e0300000, 0x00000000e0300000|100%| O|  |TAMS 0x00000000e0200000, 0x00000000e0200000| Untracked 
|   3|0x00000000e0300000, 0x00000000e0400000, 0x00000000e0400000|100%| O|  |TAMS 0x00000000e0300000, 0x00000000e0300000| Untracked 
|   4|0x00000000e0400000, 0x00000000e0500000, 0x00000000e0500000|100%| O|  |TAMS 0x00000000e0400000, 0x00000000e0400000| Untracked 
|   5|0x00000000e0500000, 0x00000000e0600000, 0x00000000e0600000|100%| O|  |TAMS 0x00000000e0500000, 0x00000000e0500000| Untracked 
|   6|0x00000000e0600000, 0x00000000e0700000, 0x00000000e0700000|100%| O|  |TAMS 0x00000000e0600000, 0x00000000e0600000| Untracked 
|   7|0x00000000e0700000, 0x00000000e0800000, 0x00000000e0800000|100%| O|  |TAMS 0x00000000e0700000, 0x00000000e0700000| Untracked 
|   8|0x00000000e0800000, 0x00000000e0900000, 0x00000000e0900000|100%| O|  |TAMS 0x00000000e0800000, 0x00000000e0800000| Untracked 
|   9|0x00000000e0900000, 0x00000000e0a00000, 0x00000000e0a00000|100%| O|  |TAMS 0x00000000e0900000, 0x00000000e0900000| Untracked 
|  10|0x00000000e0a00000, 0x00000000e0b00000, 0x00000000e0b00000|100%| O|  |TAMS 0x00000000e0a00000, 0x00000000e0a00000| Untracked 
|  11|0x00000000e0b00000, 0x00000000e0c00000, 0x00000000e0c00000|100%|HS|  |TAMS 0x00000000e0b00000, 0x00000000e0b00000| Complete 
|  12|0x00000000e0c00000, 0x00000000e0d00000, 0x00000000e0d00000|100%| O|  |TAMS 0x00000000e0c00000, 0x00000000e0c00000| Untracked 
|  13|0x00000000e0d00000, 0x00000000e0e00000, 0x00000000e0e00000|100%| O|  |TAMS 0x00000000e0d00000, 0x00000000e0d00000| Untracked 
|  14|0x00000000e0e00000, 0x00000000e0f00000, 0x00000000e0f00000|100%| O|  |TAMS 0x00000000e0e00000, 0x00000000e0e00000| Untracked 
|  15|0x00000000e0f00000, 0x00000000e1000000, 0x00000000e1000000|100%| O|  |TAMS 0x00000000e0f00000, 0x00000000e0f00000| Untracked 
|  16|0x00000000e1000000, 0x00000000e1100000, 0x00000000e1100000|100%| O|  |TAMS 0x00000000e1000000, 0x00000000e1000000| Untracked 
|  17|0x00000000e1100000, 0x00000000e1200000, 0x00000000e1200000|100%| O|  |TAMS 0x00000000e1100000, 0x00000000e1100000| Untracked 
|  18|0x00000000e1200000, 0x00000000e1300000, 0x00000000e1300000|100%| O|  |TAMS 0x00000000e1200000, 0x00000000e1200000| Untracked 
|  19|0x00000000e1300000, 0x00000000e1400000, 0x00000000e1400000|100%| O|  |TAMS 0x00000000e1300000, 0x00000000e1300000| Untracked 
|  20|0x00000000e1400000, 0x00000000e149c000, 0x00000000e1500000| 60%| O|  |TAMS 0x00000000e1400000, 0x00000000e1400000| Untracked 
|  21|0x00000000e1500000, 0x00000000e1500000, 0x00000000e1600000|  0%| F|  |TAMS 0x00000000e1500000, 0x00000000e1500000| Untracked 
|  22|0x00000000e1600000, 0x00000000e1600000, 0x00000000e1700000|  0%| F|  |TAMS 0x00000000e1600000, 0x00000000e1600000| Untracked 
|  23|0x00000000e1700000, 0x00000000e1700000, 0x00000000e1800000|  0%| F|  |TAMS 0x00000000e1700000, 0x00000000e1700000| Untracked 
|  24|0x00000000e1800000, 0x00000000e1800000, 0x00000000e1900000|  0%| F|  |TAMS 0x00000000e1800000, 0x00000000e1800000| Untracked 
|  25|0x00000000e1900000, 0x00000000e1900000, 0x00000000e1a00000|  0%| F|  |TAMS 0x00000000e1900000, 0x00000000e1900000| Untracked 
|  26|0x00000000e1a00000, 0x00000000e1a00000, 0x00000000e1b00000|  0%| F|  |TAMS 0x00000000e1a00000, 0x00000000e1a00000| Untracked 
|  27|0x00000000e1b00000, 0x00000000e1b00000, 0x00000000e1c00000|  0%| F|  |TAMS 0x00000000e1b00000, 0x00000000e1b00000| Untracked 
|  28|0x00000000e1c00000, 0x00000000e1c00000, 0x00000000e1d00000|  0%| F|  |TAMS 0x00000000e1c00000, 0x00000000e1c00000| Untracked 
|  29|0x00000000e1d00000, 0x00000000e1d00000, 0x00000000e1e00000|  0%| F|  |TAMS 0x00000000e1d00000, 0x00000000e1d00000| Untracked 
|  30|0x00000000e1e00000, 0x00000000e1e00000, 0x00000000e1f00000|  0%| F|  |TAMS 0x00000000e1e00000, 0x00000000e1e00000| Untracked 
|  31|0x00000000e1f00000, 0x00000000e1f00000, 0x00000000e2000000|  0%| F|  |TAMS 0x00000000e1f00000, 0x00000000e1f00000| Untracked 
|  32|0x00000000e2000000, 0x00000000e2000000, 0x00000000e2100000|  0%| F|  |TAMS 0x00000000e2000000, 0x00000000e2000000| Untracked 
|  33|0x00000000e2100000, 0x00000000e2100000, 0x00000000e2200000|  0%| F|  |TAMS 0x00000000e2100000, 0x00000000e2100000| Untracked 
|  34|0x00000000e2200000, 0x00000000e2200000, 0x00000000e2300000|  0%| F|  |TAMS 0x00000000e2200000, 0x00000000e2200000| Untracked 
|  35|0x00000000e2300000, 0x00000000e2300000, 0x00000000e2400000|  0%| F|  |TAMS 0x00000000e2300000, 0x00000000e2300000| Untracked 
|  36|0x00000000e2400000, 0x00000000e2400000, 0x00000000e2500000|  0%| F|  |TAMS 0x00000000e2400000, 0x00000000e2400000| Untracked 
|  37|0x00000000e2500000, 0x00000000e2500000, 0x00000000e2600000|  0%| F|  |TAMS 0x00000000e2500000, 0x00000000e2500000| Untracked 
|  38|0x00000000e2600000, 0x00000000e2600000, 0x00000000e2700000|  0%| F|  |TAMS 0x00000000e2600000, 0x00000000e2600000| Untracked 
|  39|0x00000000e2700000, 0x00000000e2700000, 0x00000000e2800000|  0%| F|  |TAMS 0x00000000e2700000, 0x00000000e2700000| Untracked 
|  40|0x00000000e2800000, 0x00000000e2800000, 0x00000000e2900000|  0%| F|  |TAMS 0x00000000e2800000, 0x00000000e2800000| Untracked 
|  41|0x00000000e2900000, 0x00000000e2900000, 0x00000000e2a00000|  0%| F|  |TAMS 0x00000000e2900000, 0x00000000e2900000| Untracked 
|  42|0x00000000e2a00000, 0x00000000e2a00000, 0x00000000e2b00000|  0%| F|  |TAMS 0x00000000e2a00000, 0x00000000e2a00000| Untracked 
|  43|0x00000000e2b00000, 0x00000000e2b00000, 0x00000000e2c00000|  0%| F|  |TAMS 0x00000000e2b00000, 0x00000000e2b00000| Untracked 
|  44|0x00000000e2c00000, 0x00000000e2c00000, 0x00000000e2d00000|  0%| F|  |TAMS 0x00000000e2c00000, 0x00000000e2c00000| Untracked 
|  45|0x00000000e2d00000, 0x00000000e2d00000, 0x00000000e2e00000|  0%| F|  |TAMS 0x00000000e2d00000, 0x00000000e2d00000| Untracked 
|  46|0x00000000e2e00000, 0x00000000e2e00000, 0x00000000e2f00000|  0%| F|  |TAMS 0x00000000e2e00000, 0x00000000e2e00000| Untracked 
|  47|0x00000000e2f00000, 0x00000000e2f00000, 0x00000000e3000000|  0%| F|  |TAMS 0x00000000e2f00000, 0x00000000e2f00000| Untracked 
|  48|0x00000000e3000000, 0x00000000e3000000, 0x00000000e3100000|  0%| F|  |TAMS 0x00000000e3000000, 0x00000000e3000000| Untracked 
|  49|0x00000000e3100000, 0x00000000e3100000, 0x00000000e3200000|  0%| F|  |TAMS 0x00000000e3100000, 0x00000000e3100000| Untracked 
|  50|0x00000000e3200000, 0x00000000e3200000, 0x00000000e3300000|  0%| F|  |TAMS 0x00000000e3200000, 0x00000000e3200000| Untracked 
|  51|0x00000000e3300000, 0x00000000e3300000, 0x00000000e3400000|  0%| F|  |TAMS 0x00000000e3300000, 0x00000000e3300000| Untracked 
|  52|0x00000000e3400000, 0x00000000e3400000, 0x00000000e3500000|  0%| F|  |TAMS 0x00000000e3400000, 0x00000000e3400000| Untracked 
|  53|0x00000000e3500000, 0x00000000e3500000, 0x00000000e3600000|  0%| F|  |TAMS 0x00000000e3500000, 0x00000000e3500000| Untracked 
|  54|0x00000000e3600000, 0x00000000e3600000, 0x00000000e3700000|  0%| F|  |TAMS 0x00000000e3600000, 0x00000000e3600000| Untracked 
|  55|0x00000000e3700000, 0x00000000e3700000, 0x00000000e3800000|  0%| F|  |TAMS 0x00000000e3700000, 0x00000000e3700000| Untracked 
|  56|0x00000000e3800000, 0x00000000e3800000, 0x00000000e3900000|  0%| F|  |TAMS 0x00000000e3800000, 0x00000000e3800000| Untracked 
|  57|0x00000000e3900000, 0x00000000e3900000, 0x00000000e3a00000|  0%| F|  |TAMS 0x00000000e3900000, 0x00000000e3900000| Untracked 
|  58|0x00000000e3a00000, 0x00000000e3a00000, 0x00000000e3b00000|  0%| F|  |TAMS 0x00000000e3a00000, 0x00000000e3a00000| Untracked 
|  59|0x00000000e3b00000, 0x00000000e3b00000, 0x00000000e3c00000|  0%| F|  |TAMS 0x00000000e3b00000, 0x00000000e3b00000| Untracked 
|  60|0x00000000e3c00000, 0x00000000e3c00000, 0x00000000e3d00000|  0%| F|  |TAMS 0x00000000e3c00000, 0x00000000e3c00000| Untracked 
|  61|0x00000000e3d00000, 0x00000000e3d00000, 0x00000000e3e00000|  0%| F|  |TAMS 0x00000000e3d00000, 0x00000000e3d00000| Untracked 
|  62|0x00000000e3e00000, 0x00000000e3e00000, 0x00000000e3f00000|  0%| F|  |TAMS 0x00000000e3e00000, 0x00000000e3e00000| Untracked 
|  63|0x00000000e3f00000, 0x00000000e3f00000, 0x00000000e4000000|  0%| F|  |TAMS 0x00000000e3f00000, 0x00000000e3f00000| Untracked 
|  64|0x00000000e4000000, 0x00000000e4000000, 0x00000000e4100000|  0%| F|  |TAMS 0x00000000e4000000, 0x00000000e4000000| Untracked 
|  65|0x00000000e4100000, 0x00000000e4100000, 0x00000000e4200000|  0%| F|  |TAMS 0x00000000e4100000, 0x00000000e4100000| Untracked 
|  66|0x00000000e4200000, 0x00000000e4200000, 0x00000000e4300000|  0%| F|  |TAMS 0x00000000e4200000, 0x00000000e4200000| Untracked 
|  67|0x00000000e4300000, 0x00000000e4300000, 0x00000000e4400000|  0%| F|  |TAMS 0x00000000e4300000, 0x00000000e4300000| Untracked 
|  68|0x00000000e4400000, 0x00000000e4400000, 0x00000000e4500000|  0%| F|  |TAMS 0x00000000e4400000, 0x00000000e4400000| Untracked 
|  69|0x00000000e4500000, 0x00000000e4500000, 0x00000000e4600000|  0%| F|  |TAMS 0x00000000e4500000, 0x00000000e4500000| Untracked 
|  70|0x00000000e4600000, 0x00000000e4600000, 0x00000000e4700000|  0%| F|  |TAMS 0x00000000e4600000, 0x00000000e4600000| Untracked 
|  71|0x00000000e4700000, 0x00000000e4700000, 0x00000000e4800000|  0%| F|  |TAMS 0x00000000e4700000, 0x00000000e4700000| Untracked 
|  72|0x00000000e4800000, 0x00000000e4800000, 0x00000000e4900000|  0%| F|  |TAMS 0x00000000e4800000, 0x00000000e4800000| Untracked 
|  73|0x00000000e4900000, 0x00000000e4900000, 0x00000000e4a00000|  0%| F|  |TAMS 0x00000000e4900000, 0x00000000e4900000| Untracked 
|  74|0x00000000e4a00000, 0x00000000e4a00000, 0x00000000e4b00000|  0%| F|  |TAMS 0x00000000e4a00000, 0x00000000e4a00000| Untracked 
|  75|0x00000000e4b00000, 0x00000000e4b00000, 0x00000000e4c00000|  0%| F|  |TAMS 0x00000000e4b00000, 0x00000000e4b00000| Untracked 
|  76|0x00000000e4c00000, 0x00000000e4c00000, 0x00000000e4d00000|  0%| F|  |TAMS 0x00000000e4c00000, 0x00000000e4c00000| Untracked 
|  77|0x00000000e4d00000, 0x00000000e4d00000, 0x00000000e4e00000|  0%| F|  |TAMS 0x00000000e4d00000, 0x00000000e4d00000| Untracked 
|  78|0x00000000e4e00000, 0x00000000e4e00000, 0x00000000e4f00000|  0%| F|  |TAMS 0x00000000e4e00000, 0x00000000e4e00000| Untracked 
|  79|0x00000000e4f00000, 0x00000000e4f00000, 0x00000000e5000000|  0%| F|  |TAMS 0x00000000e4f00000, 0x00000000e4f00000| Untracked 
|  80|0x00000000e5000000, 0x00000000e5000000, 0x00000000e5100000|  0%| F|  |TAMS 0x00000000e5000000, 0x00000000e5000000| Untracked 
|  81|0x00000000e5100000, 0x00000000e5100000, 0x00000000e5200000|  0%| F|  |TAMS 0x00000000e5100000, 0x00000000e5100000| Untracked 
|  82|0x00000000e5200000, 0x00000000e5200000, 0x00000000e5300000|  0%| F|  |TAMS 0x00000000e5200000, 0x00000000e5200000| Untracked 
|  83|0x00000000e5300000, 0x00000000e5300000, 0x00000000e5400000|  0%| F|  |TAMS 0x00000000e5300000, 0x00000000e5300000| Untracked 
|  84|0x00000000e5400000, 0x00000000e5400000, 0x00000000e5500000|  0%| F|  |TAMS 0x00000000e5400000, 0x00000000e5400000| Untracked 
|  85|0x00000000e5500000, 0x00000000e5500000, 0x00000000e5600000|  0%| F|  |TAMS 0x00000000e5500000, 0x00000000e5500000| Untracked 
|  86|0x00000000e5600000, 0x00000000e5600000, 0x00000000e5700000|  0%| F|  |TAMS 0x00000000e5600000, 0x00000000e5600000| Untracked 
|  87|0x00000000e5700000, 0x00000000e5700000, 0x00000000e5800000|  0%| F|  |TAMS 0x00000000e5700000, 0x00000000e5700000| Untracked 
|  88|0x00000000e5800000, 0x00000000e5800000, 0x00000000e5900000|  0%| F|  |TAMS 0x00000000e5800000, 0x00000000e5800000| Untracked 
|  89|0x00000000e5900000, 0x00000000e5900000, 0x00000000e5a00000|  0%| F|  |TAMS 0x00000000e5900000, 0x00000000e5900000| Untracked 
|  90|0x00000000e5a00000, 0x00000000e5a00000, 0x00000000e5b00000|  0%| F|  |TAMS 0x00000000e5a00000, 0x00000000e5a00000| Untracked 
|  91|0x00000000e5b00000, 0x00000000e5b00000, 0x00000000e5c00000|  0%| F|  |TAMS 0x00000000e5b00000, 0x00000000e5b00000| Untracked 
|  92|0x00000000e5c00000, 0x00000000e5c00000, 0x00000000e5d00000|  0%| F|  |TAMS 0x00000000e5c00000, 0x00000000e5c00000| Untracked 
|  93|0x00000000e5d00000, 0x00000000e5d00000, 0x00000000e5e00000|  0%| F|  |TAMS 0x00000000e5d00000, 0x00000000e5d00000| Untracked 
|  94|0x00000000e5e00000, 0x00000000e5e00000, 0x00000000e5f00000|  0%| F|  |TAMS 0x00000000e5e00000, 0x00000000e5e00000| Untracked 
|  95|0x00000000e5f00000, 0x00000000e5f00000, 0x00000000e6000000|  0%| F|  |TAMS 0x00000000e5f00000, 0x00000000e5f00000| Untracked 
|  96|0x00000000e6000000, 0x00000000e6000000, 0x00000000e6100000|  0%| F|  |TAMS 0x00000000e6000000, 0x00000000e6000000| Untracked 
|  97|0x00000000e6100000, 0x00000000e6100000, 0x00000000e6200000|  0%| F|  |TAMS 0x00000000e6100000, 0x00000000e6100000| Untracked 
|  98|0x00000000e6200000, 0x00000000e6200000, 0x00000000e6300000|  0%| F|  |TAMS 0x00000000e6200000, 0x00000000e6200000| Untracked 
|  99|0x00000000e6300000, 0x00000000e6300000, 0x00000000e6400000|  0%| F|  |TAMS 0x00000000e6300000, 0x00000000e6300000| Untracked 
| 100|0x00000000e6400000, 0x00000000e6400000, 0x00000000e6500000|  0%| F|  |TAMS 0x00000000e6400000, 0x00000000e6400000| Untracked 
| 101|0x00000000e6500000, 0x00000000e6500000, 0x00000000e6600000|  0%| F|  |TAMS 0x00000000e6500000, 0x00000000e6500000| Untracked 
| 102|0x00000000e6600000, 0x00000000e6600000, 0x00000000e6700000|  0%| F|  |TAMS 0x00000000e6600000, 0x00000000e6600000| Untracked 
| 103|0x00000000e6700000, 0x00000000e6700000, 0x00000000e6800000|  0%| F|  |TAMS 0x00000000e6700000, 0x00000000e6700000| Untracked 
| 104|0x00000000e6800000, 0x00000000e6800000, 0x00000000e6900000|  0%| F|  |TAMS 0x00000000e6800000, 0x00000000e6800000| Untracked 
| 105|0x00000000e6900000, 0x00000000e6900000, 0x00000000e6a00000|  0%| F|  |TAMS 0x00000000e6900000, 0x00000000e6900000| Untracked 
| 106|0x00000000e6a00000, 0x00000000e6a00000, 0x00000000e6b00000|  0%| F|  |TAMS 0x00000000e6a00000, 0x00000000e6a00000| Untracked 
| 107|0x00000000e6b00000, 0x00000000e6b00000, 0x00000000e6c00000|  0%| F|  |TAMS 0x00000000e6b00000, 0x00000000e6b00000| Untracked 
| 108|0x00000000e6c00000, 0x00000000e6c00000, 0x00000000e6d00000|  0%| F|  |TAMS 0x00000000e6c00000, 0x00000000e6c00000| Untracked 
| 109|0x00000000e6d00000, 0x00000000e6d00000, 0x00000000e6e00000|  0%| F|  |TAMS 0x00000000e6d00000, 0x00000000e6d00000| Untracked 
| 110|0x00000000e6e00000, 0x00000000e6e00000, 0x00000000e6f00000|  0%| F|  |TAMS 0x00000000e6e00000, 0x00000000e6e00000| Untracked 
| 111|0x00000000e6f00000, 0x00000000e6f00000, 0x00000000e7000000|  0%| F|  |TAMS 0x00000000e6f00000, 0x00000000e6f00000| Untracked 
| 112|0x00000000e7000000, 0x00000000e7000000, 0x00000000e7100000|  0%| F|  |TAMS 0x00000000e7000000, 0x00000000e7000000| Untracked 
| 113|0x00000000e7100000, 0x00000000e7100000, 0x00000000e7200000|  0%| F|  |TAMS 0x00000000e7100000, 0x00000000e7100000| Untracked 
| 114|0x00000000e7200000, 0x00000000e7200000, 0x00000000e7300000|  0%| F|  |TAMS 0x00000000e7200000, 0x00000000e7200000| Untracked 
| 115|0x00000000e7300000, 0x00000000e7300000, 0x00000000e7400000|  0%| F|  |TAMS 0x00000000e7300000, 0x00000000e7300000| Untracked 
| 116|0x00000000e7400000, 0x00000000e7400000, 0x00000000e7500000|  0%| F|  |TAMS 0x00000000e7400000, 0x00000000e7400000| Untracked 
| 117|0x00000000e7500000, 0x00000000e7500000, 0x00000000e7600000|  0%| F|  |TAMS 0x00000000e7500000, 0x00000000e7500000| Untracked 
| 118|0x00000000e7600000, 0x00000000e7600000, 0x00000000e7700000|  0%| F|  |TAMS 0x00000000e7600000, 0x00000000e7600000| Untracked 
| 119|0x00000000e7700000, 0x00000000e7700000, 0x00000000e7800000|  0%| F|  |TAMS 0x00000000e7700000, 0x00000000e7700000| Untracked 
| 120|0x00000000e7800000, 0x00000000e7800000, 0x00000000e7900000|  0%| F|  |TAMS 0x00000000e7800000, 0x00000000e7800000| Untracked 
| 121|0x00000000e7900000, 0x00000000e7900000, 0x00000000e7a00000|  0%| F|  |TAMS 0x00000000e7900000, 0x00000000e7900000| Untracked 
| 122|0x00000000e7a00000, 0x00000000e7a00000, 0x00000000e7b00000|  0%| F|  |TAMS 0x00000000e7a00000, 0x00000000e7a00000| Untracked 
| 123|0x00000000e7b00000, 0x00000000e7b00000, 0x00000000e7c00000|  0%| F|  |TAMS 0x00000000e7b00000, 0x00000000e7b00000| Untracked 
| 124|0x00000000e7c00000, 0x00000000e7c00000, 0x00000000e7d00000|  0%| F|  |TAMS 0x00000000e7c00000, 0x00000000e7c00000| Untracked 
| 125|0x00000000e7d00000, 0x00000000e7d00000, 0x00000000e7e00000|  0%| F|  |TAMS 0x00000000e7d00000, 0x00000000e7d00000| Untracked 
| 126|0x00000000e7e00000, 0x00000000e7e00000, 0x00000000e7f00000|  0%| F|  |TAMS 0x00000000e7e00000, 0x00000000e7e00000| Untracked 
| 127|0x00000000e7f00000, 0x00000000e7f00000, 0x00000000e8000000|  0%| F|  |TAMS 0x00000000e7f00000, 0x00000000e7f00000| Untracked 
| 128|0x00000000e8000000, 0x00000000e8000000, 0x00000000e8100000|  0%| F|  |TAMS 0x00000000e8000000, 0x00000000e8000000| Untracked 
| 129|0x00000000e8100000, 0x00000000e8100000, 0x00000000e8200000|  0%| F|  |TAMS 0x00000000e8100000, 0x00000000e8100000| Untracked 
| 130|0x00000000e8200000, 0x00000000e8200000, 0x00000000e8300000|  0%| F|  |TAMS 0x00000000e8200000, 0x00000000e8200000| Untracked 
| 131|0x00000000e8300000, 0x00000000e8300000, 0x00000000e8400000|  0%| F|  |TAMS 0x00000000e8300000, 0x00000000e8300000| Untracked 
| 132|0x00000000e8400000, 0x00000000e8400000, 0x00000000e8500000|  0%| F|  |TAMS 0x00000000e8400000, 0x00000000e8400000| Untracked 
| 133|0x00000000e8500000, 0x00000000e8500000, 0x00000000e8600000|  0%| F|  |TAMS 0x00000000e8500000, 0x00000000e8500000| Untracked 
| 134|0x00000000e8600000, 0x00000000e8600000, 0x00000000e8700000|  0%| F|  |TAMS 0x00000000e8600000, 0x00000000e8600000| Untracked 
| 135|0x00000000e8700000, 0x00000000e8700000, 0x00000000e8800000|  0%| F|  |TAMS 0x00000000e8700000, 0x00000000e8700000| Untracked 
| 136|0x00000000e8800000, 0x00000000e8800000, 0x00000000e8900000|  0%| F|  |TAMS 0x00000000e8800000, 0x00000000e8800000| Untracked 
| 137|0x00000000e8900000, 0x00000000e8900000, 0x00000000e8a00000|  0%| F|  |TAMS 0x00000000e8900000, 0x00000000e8900000| Untracked 
| 138|0x00000000e8a00000, 0x00000000e8a00000, 0x00000000e8b00000|  0%| F|  |TAMS 0x00000000e8a00000, 0x00000000e8a00000| Untracked 
| 139|0x00000000e8b00000, 0x00000000e8b00000, 0x00000000e8c00000|  0%| F|  |TAMS 0x00000000e8b00000, 0x00000000e8b00000| Untracked 
| 140|0x00000000e8c00000, 0x00000000e8c00000, 0x00000000e8d00000|  0%| F|  |TAMS 0x00000000e8c00000, 0x00000000e8c00000| Untracked 
| 141|0x00000000e8d00000, 0x00000000e8d00000, 0x00000000e8e00000|  0%| F|  |TAMS 0x00000000e8d00000, 0x00000000e8d00000| Untracked 
| 142|0x00000000e8e00000, 0x00000000e8e00000, 0x00000000e8f00000|  0%| F|  |TAMS 0x00000000e8e00000, 0x00000000e8e00000| Untracked 
| 143|0x00000000e8f00000, 0x00000000e8f00000, 0x00000000e9000000|  0%| F|  |TAMS 0x00000000e8f00000, 0x00000000e8f00000| Untracked 
| 144|0x00000000e9000000, 0x00000000e9000000, 0x00000000e9100000|  0%| F|  |TAMS 0x00000000e9000000, 0x00000000e9000000| Untracked 
| 145|0x00000000e9100000, 0x00000000e9100000, 0x00000000e9200000|  0%| F|  |TAMS 0x00000000e9100000, 0x00000000e9100000| Untracked 
| 146|0x00000000e9200000, 0x00000000e9200000, 0x00000000e9300000|  0%| F|  |TAMS 0x00000000e9200000, 0x00000000e9200000| Untracked 
| 147|0x00000000e9300000, 0x00000000e9300000, 0x00000000e9400000|  0%| F|  |TAMS 0x00000000e9300000, 0x00000000e9300000| Untracked 
| 148|0x00000000e9400000, 0x00000000e9400000, 0x00000000e9500000|  0%| F|  |TAMS 0x00000000e9400000, 0x00000000e9400000| Untracked 
| 149|0x00000000e9500000, 0x00000000e9500000, 0x00000000e9600000|  0%| F|  |TAMS 0x00000000e9500000, 0x00000000e9500000| Untracked 
| 150|0x00000000e9600000, 0x00000000e9600000, 0x00000000e9700000|  0%| F|  |TAMS 0x00000000e9600000, 0x00000000e9600000| Untracked 
| 151|0x00000000e9700000, 0x00000000e9700000, 0x00000000e9800000|  0%| F|  |TAMS 0x00000000e9700000, 0x00000000e9700000| Untracked 
| 152|0x00000000e9800000, 0x00000000e9800000, 0x00000000e9900000|  0%| F|  |TAMS 0x00000000e9800000, 0x00000000e9800000| Untracked 
| 153|0x00000000e9900000, 0x00000000e9900000, 0x00000000e9a00000|  0%| F|  |TAMS 0x00000000e9900000, 0x00000000e9900000| Untracked 
| 154|0x00000000e9a00000, 0x00000000e9a00000, 0x00000000e9b00000|  0%| F|  |TAMS 0x00000000e9a00000, 0x00000000e9a00000| Untracked 
| 155|0x00000000e9b00000, 0x00000000e9b00000, 0x00000000e9c00000|  0%| F|  |TAMS 0x00000000e9b00000, 0x00000000e9b00000| Untracked 
| 156|0x00000000e9c00000, 0x00000000e9c00000, 0x00000000e9d00000|  0%| F|  |TAMS 0x00000000e9c00000, 0x00000000e9c00000| Untracked 
| 157|0x00000000e9d00000, 0x00000000e9d00000, 0x00000000e9e00000|  0%| F|  |TAMS 0x00000000e9d00000, 0x00000000e9d00000| Untracked 
| 158|0x00000000e9e00000, 0x00000000e9e00000, 0x00000000e9f00000|  0%| F|  |TAMS 0x00000000e9e00000, 0x00000000e9e00000| Untracked 
| 159|0x00000000e9f00000, 0x00000000e9f00000, 0x00000000ea000000|  0%| F|  |TAMS 0x00000000e9f00000, 0x00000000e9f00000| Untracked 
| 160|0x00000000ea000000, 0x00000000ea000000, 0x00000000ea100000|  0%| F|  |TAMS 0x00000000ea000000, 0x00000000ea000000| Untracked 
| 161|0x00000000ea100000, 0x00000000ea100000, 0x00000000ea200000|  0%| F|  |TAMS 0x00000000ea100000, 0x00000000ea100000| Untracked 
| 162|0x00000000ea200000, 0x00000000ea300000, 0x00000000ea300000|100%| S|  |TAMS 0x00000000ea200000, 0x00000000ea200000| Complete 
| 163|0x00000000ea300000, 0x00000000ea400000, 0x00000000ea400000|100%| S|  |TAMS 0x00000000ea300000, 0x00000000ea300000| Complete 
| 164|0x00000000ea400000, 0x00000000ea500000, 0x00000000ea500000|100%| S|  |TAMS 0x00000000ea400000, 0x00000000ea400000| Complete 
| 165|0x00000000ea500000, 0x00000000ea600000, 0x00000000ea600000|100%| S|  |TAMS 0x00000000ea500000, 0x00000000ea500000| Complete 
| 166|0x00000000ea600000, 0x00000000ea700000, 0x00000000ea700000|100%| S|  |TAMS 0x00000000ea600000, 0x00000000ea600000| Complete 
| 167|0x00000000ea700000, 0x00000000ea800000, 0x00000000ea800000|100%| S|  |TAMS 0x00000000ea700000, 0x00000000ea700000| Complete 
| 168|0x00000000ea800000, 0x00000000ea900000, 0x00000000ea900000|100%| S|  |TAMS 0x00000000ea800000, 0x00000000ea800000| Complete 
| 169|0x00000000ea900000, 0x00000000eaa00000, 0x00000000eaa00000|100%| S|  |TAMS 0x00000000ea900000, 0x00000000ea900000| Complete 
| 170|0x00000000eaa00000, 0x00000000eab00000, 0x00000000eab00000|100%| S|  |TAMS 0x00000000eaa00000, 0x00000000eaa00000| Complete 
| 171|0x00000000eab00000, 0x00000000eac00000, 0x00000000eac00000|100%| S|  |TAMS 0x00000000eab00000, 0x00000000eab00000| Complete 
| 172|0x00000000eac00000, 0x00000000ead00000, 0x00000000ead00000|100%| E|CS|TAMS 0x00000000eac00000, 0x00000000eac00000| Complete 
| 173|0x00000000ead00000, 0x00000000eae00000, 0x00000000eae00000|100%| E|CS|TAMS 0x00000000ead00000, 0x00000000ead00000| Complete 
| 174|0x00000000eae00000, 0x00000000eaf00000, 0x00000000eaf00000|100%| E|CS|TAMS 0x00000000eae00000, 0x00000000eae00000| Complete 
| 175|0x00000000eaf00000, 0x00000000eb000000, 0x00000000eb000000|100%| E|CS|TAMS 0x00000000eaf00000, 0x00000000eaf00000| Complete 
| 176|0x00000000eb000000, 0x00000000eb100000, 0x00000000eb100000|100%| E|CS|TAMS 0x00000000eb000000, 0x00000000eb000000| Complete 
| 177|0x00000000eb100000, 0x00000000eb200000, 0x00000000eb200000|100%| E|CS|TAMS 0x00000000eb100000, 0x00000000eb100000| Complete 
| 178|0x00000000eb200000, 0x00000000eb300000, 0x00000000eb300000|100%| E|CS|TAMS 0x00000000eb200000, 0x00000000eb200000| Complete 
| 179|0x00000000eb300000, 0x00000000eb400000, 0x00000000eb400000|100%| E|CS|TAMS 0x00000000eb300000, 0x00000000eb300000| Complete 
| 180|0x00000000eb400000, 0x00000000eb500000, 0x00000000eb500000|100%| E|CS|TAMS 0x00000000eb400000, 0x00000000eb400000| Complete 
| 181|0x00000000eb500000, 0x00000000eb600000, 0x00000000eb600000|100%| E|CS|TAMS 0x00000000eb500000, 0x00000000eb500000| Complete 
| 182|0x00000000eb600000, 0x00000000eb700000, 0x00000000eb700000|100%| E|CS|TAMS 0x00000000eb600000, 0x00000000eb600000| Complete 
| 183|0x00000000eb700000, 0x00000000eb800000, 0x00000000eb800000|100%| E|CS|TAMS 0x00000000eb700000, 0x00000000eb700000| Complete 
| 184|0x00000000eb800000, 0x00000000eb900000, 0x00000000eb900000|100%| E|CS|TAMS 0x00000000eb800000, 0x00000000eb800000| Complete 
| 185|0x00000000eb900000, 0x00000000eba00000, 0x00000000eba00000|100%| E|CS|TAMS 0x00000000eb900000, 0x00000000eb900000| Complete 
| 186|0x00000000eba00000, 0x00000000ebb00000, 0x00000000ebb00000|100%| E|CS|TAMS 0x00000000eba00000, 0x00000000eba00000| Complete 
| 187|0x00000000ebb00000, 0x00000000ebc00000, 0x00000000ebc00000|100%| E|CS|TAMS 0x00000000ebb00000, 0x00000000ebb00000| Complete 
| 188|0x00000000ebc00000, 0x00000000ebd00000, 0x00000000ebd00000|100%| E|CS|TAMS 0x00000000ebc00000, 0x00000000ebc00000| Complete 
| 189|0x00000000ebd00000, 0x00000000ebe00000, 0x00000000ebe00000|100%| E|CS|TAMS 0x00000000ebd00000, 0x00000000ebd00000| Complete 
| 190|0x00000000ebe00000, 0x00000000ebf00000, 0x00000000ebf00000|100%| E|CS|TAMS 0x00000000ebe00000, 0x00000000ebe00000| Complete 
| 191|0x00000000ebf00000, 0x00000000ec000000, 0x00000000ec000000|100%| E|CS|TAMS 0x00000000ebf00000, 0x00000000ebf00000| Complete 
| 192|0x00000000ec000000, 0x00000000ec100000, 0x00000000ec100000|100%| E|CS|TAMS 0x00000000ec000000, 0x00000000ec000000| Complete 
| 193|0x00000000ec100000, 0x00000000ec200000, 0x00000000ec200000|100%| E|CS|TAMS 0x00000000ec100000, 0x00000000ec100000| Complete 
| 194|0x00000000ec200000, 0x00000000ec300000, 0x00000000ec300000|100%| E|CS|TAMS 0x00000000ec200000, 0x00000000ec200000| Complete 
| 195|0x00000000ec300000, 0x00000000ec400000, 0x00000000ec400000|100%| E|CS|TAMS 0x00000000ec300000, 0x00000000ec300000| Complete 
| 196|0x00000000ec400000, 0x00000000ec500000, 0x00000000ec500000|100%| E|CS|TAMS 0x00000000ec400000, 0x00000000ec400000| Complete 
| 197|0x00000000ec500000, 0x00000000ec600000, 0x00000000ec600000|100%| E|CS|TAMS 0x00000000ec500000, 0x00000000ec500000| Complete 
| 198|0x00000000ec600000, 0x00000000ec700000, 0x00000000ec700000|100%| E|CS|TAMS 0x00000000ec600000, 0x00000000ec600000| Complete 
| 199|0x00000000ec700000, 0x00000000ec800000, 0x00000000ec800000|100%| E|CS|TAMS 0x00000000ec700000, 0x00000000ec700000| Complete 
| 200|0x00000000ec800000, 0x00000000ec900000, 0x00000000ec900000|100%| E|CS|TAMS 0x00000000ec800000, 0x00000000ec800000| Complete 
| 201|0x00000000ec900000, 0x00000000eca00000, 0x00000000eca00000|100%| E|CS|TAMS 0x00000000ec900000, 0x00000000ec900000| Complete 
| 202|0x00000000eca00000, 0x00000000ecb00000, 0x00000000ecb00000|100%| E|CS|TAMS 0x00000000eca00000, 0x00000000eca00000| Complete 
| 203|0x00000000ecb00000, 0x00000000ecc00000, 0x00000000ecc00000|100%| E|CS|TAMS 0x00000000ecb00000, 0x00000000ecb00000| Complete 
| 204|0x00000000ecc00000, 0x00000000ecd00000, 0x00000000ecd00000|100%| E|CS|TAMS 0x00000000ecc00000, 0x00000000ecc00000| Complete 
| 205|0x00000000ecd00000, 0x00000000ece00000, 0x00000000ece00000|100%| E|CS|TAMS 0x00000000ecd00000, 0x00000000ecd00000| Complete 
| 206|0x00000000ece00000, 0x00000000ecf00000, 0x00000000ecf00000|100%| E|CS|TAMS 0x00000000ece00000, 0x00000000ece00000| Complete 
| 207|0x00000000ecf00000, 0x00000000ed000000, 0x00000000ed000000|100%| E|CS|TAMS 0x00000000ecf00000, 0x00000000ecf00000| Complete 
| 208|0x00000000ed000000, 0x00000000ed100000, 0x00000000ed100000|100%| E|CS|TAMS 0x00000000ed000000, 0x00000000ed000000| Complete 
| 209|0x00000000ed100000, 0x00000000ed200000, 0x00000000ed200000|100%| E|CS|TAMS 0x00000000ed100000, 0x00000000ed100000| Complete 
| 210|0x00000000ed200000, 0x00000000ed300000, 0x00000000ed300000|100%| E|CS|TAMS 0x00000000ed200000, 0x00000000ed200000| Complete 
| 211|0x00000000ed300000, 0x00000000ed400000, 0x00000000ed400000|100%| E|CS|TAMS 0x00000000ed300000, 0x00000000ed300000| Complete 
| 212|0x00000000ed400000, 0x00000000ed500000, 0x00000000ed500000|100%| E|CS|TAMS 0x00000000ed400000, 0x00000000ed400000| Complete 
| 213|0x00000000ed500000, 0x00000000ed600000, 0x00000000ed600000|100%| E|CS|TAMS 0x00000000ed500000, 0x00000000ed500000| Complete 
| 214|0x00000000ed600000, 0x00000000ed700000, 0x00000000ed700000|100%| E|CS|TAMS 0x00000000ed600000, 0x00000000ed600000| Complete 
| 215|0x00000000ed700000, 0x00000000ed800000, 0x00000000ed800000|100%| E|CS|TAMS 0x00000000ed700000, 0x00000000ed700000| Complete 
| 216|0x00000000ed800000, 0x00000000ed900000, 0x00000000ed900000|100%| E|CS|TAMS 0x00000000ed800000, 0x00000000ed800000| Complete 
| 217|0x00000000ed900000, 0x00000000eda00000, 0x00000000eda00000|100%| E|CS|TAMS 0x00000000ed900000, 0x00000000ed900000| Complete 
| 218|0x00000000eda00000, 0x00000000edb00000, 0x00000000edb00000|100%| E|CS|TAMS 0x00000000eda00000, 0x00000000eda00000| Complete 
| 219|0x00000000edb00000, 0x00000000edc00000, 0x00000000edc00000|100%| E|CS|TAMS 0x00000000edb00000, 0x00000000edb00000| Complete 
| 220|0x00000000edc00000, 0x00000000edd00000, 0x00000000edd00000|100%| E|CS|TAMS 0x00000000edc00000, 0x00000000edc00000| Complete 
| 221|0x00000000edd00000, 0x00000000ede00000, 0x00000000ede00000|100%| E|CS|TAMS 0x00000000edd00000, 0x00000000edd00000| Complete 
| 222|0x00000000ede00000, 0x00000000edf00000, 0x00000000edf00000|100%| E|CS|TAMS 0x00000000ede00000, 0x00000000ede00000| Complete 
| 223|0x00000000edf00000, 0x00000000ee000000, 0x00000000ee000000|100%| E|CS|TAMS 0x00000000edf00000, 0x00000000edf00000| Complete 
| 224|0x00000000ee000000, 0x00000000ee100000, 0x00000000ee100000|100%| E|CS|TAMS 0x00000000ee000000, 0x00000000ee000000| Complete 
| 225|0x00000000ee100000, 0x00000000ee200000, 0x00000000ee200000|100%| E|CS|TAMS 0x00000000ee100000, 0x00000000ee100000| Complete 
| 226|0x00000000ee200000, 0x00000000ee300000, 0x00000000ee300000|100%| E|CS|TAMS 0x00000000ee200000, 0x00000000ee200000| Complete 
| 227|0x00000000ee300000, 0x00000000ee400000, 0x00000000ee400000|100%| E|CS|TAMS 0x00000000ee300000, 0x00000000ee300000| Complete 
| 228|0x00000000ee400000, 0x00000000ee500000, 0x00000000ee500000|100%| E|CS|TAMS 0x00000000ee400000, 0x00000000ee400000| Complete 
| 229|0x00000000ee500000, 0x00000000ee59fa18, 0x00000000ee600000| 62%| E|CS|TAMS 0x00000000ee500000, 0x00000000ee500000| Complete 
| 230|0x00000000ee600000, 0x00000000ee700000, 0x00000000ee700000|100%| E|CS|TAMS 0x00000000ee600000, 0x00000000ee600000| Complete 
| 231|0x00000000ee700000, 0x00000000ee800000, 0x00000000ee800000|100%| E|CS|TAMS 0x00000000ee700000, 0x00000000ee700000| Complete 
| 232|0x00000000ee800000, 0x00000000ee900000, 0x00000000ee900000|100%| E|CS|TAMS 0x00000000ee800000, 0x00000000ee800000| Complete 
| 233|0x00000000ee900000, 0x00000000eea00000, 0x00000000eea00000|100%| E|CS|TAMS 0x00000000ee900000, 0x00000000ee900000| Complete 
| 234|0x00000000eea00000, 0x00000000eeb00000, 0x00000000eeb00000|100%| E|CS|TAMS 0x00000000eea00000, 0x00000000eea00000| Complete 
| 235|0x00000000eeb00000, 0x00000000eec00000, 0x00000000eec00000|100%| E|CS|TAMS 0x00000000eeb00000, 0x00000000eeb00000| Complete 
| 236|0x00000000eec00000, 0x00000000eed00000, 0x00000000eed00000|100%| E|CS|TAMS 0x00000000eec00000, 0x00000000eec00000| Complete 
| 237|0x00000000eed00000, 0x00000000eee00000, 0x00000000eee00000|100%| E|CS|TAMS 0x00000000eed00000, 0x00000000eed00000| Complete 
| 238|0x00000000eee00000, 0x00000000eef00000, 0x00000000eef00000|100%| E|CS|TAMS 0x00000000eee00000, 0x00000000eee00000| Complete 
| 239|0x00000000eef00000, 0x00000000ef000000, 0x00000000ef000000|100%| E|CS|TAMS 0x00000000eef00000, 0x00000000eef00000| Complete 
| 240|0x00000000ef000000, 0x00000000ef100000, 0x00000000ef100000|100%| E|CS|TAMS 0x00000000ef000000, 0x00000000ef000000| Complete 
| 241|0x00000000ef100000, 0x00000000ef200000, 0x00000000ef200000|100%| E|CS|TAMS 0x00000000ef100000, 0x00000000ef100000| Complete 
| 242|0x00000000ef200000, 0x00000000ef300000, 0x00000000ef300000|100%| E|CS|TAMS 0x00000000ef200000, 0x00000000ef200000| Complete 
| 243|0x00000000ef300000, 0x00000000ef400000, 0x00000000ef400000|100%| E|CS|TAMS 0x00000000ef300000, 0x00000000ef300000| Complete 
| 244|0x00000000ef400000, 0x00000000ef500000, 0x00000000ef500000|100%| E|CS|TAMS 0x00000000ef400000, 0x00000000ef400000| Complete 
| 245|0x00000000ef500000, 0x00000000ef600000, 0x00000000ef600000|100%| E|CS|TAMS 0x00000000ef500000, 0x00000000ef500000| Complete 
| 246|0x00000000ef600000, 0x00000000ef700000, 0x00000000ef700000|100%| E|CS|TAMS 0x00000000ef600000, 0x00000000ef600000| Complete 
| 247|0x00000000ef700000, 0x00000000ef800000, 0x00000000ef800000|100%| E|CS|TAMS 0x00000000ef700000, 0x00000000ef700000| Complete 
| 248|0x00000000ef800000, 0x00000000ef900000, 0x00000000ef900000|100%| E|CS|TAMS 0x00000000ef800000, 0x00000000ef800000| Complete 
| 249|0x00000000ef900000, 0x00000000efa00000, 0x00000000efa00000|100%| E|CS|TAMS 0x00000000ef900000, 0x00000000ef900000| Complete 
| 250|0x00000000efa00000, 0x00000000efb00000, 0x00000000efb00000|100%| E|CS|TAMS 0x00000000efa00000, 0x00000000efa00000| Complete 
| 251|0x00000000efb00000, 0x00000000efc00000, 0x00000000efc00000|100%| E|CS|TAMS 0x00000000efb00000, 0x00000000efb00000| Complete 

Card table byte_map: [0x00000284c99b0000,0x00000284c9ab0000] _byte_map_base: 0x00000284c92b0000

Marking Bits (Prev, Next): (CMBitMap*) 0x00000284b3274e30, (CMBitMap*) 0x00000284b3274e70
 Prev Bits: [0x00000284c9bb0000, 0x00000284ca3b0000)
 Next Bits: [0x00000284ca3b0000, 0x00000284cabb0000)

Polling page: 0x00000284b1200000

Metaspace:

Usage:
  Non-class:     15.89 MB used.
      Class:      2.43 MB used.
       Both:     18.32 MB used.

Virtual space:
  Non-class space:       16.00 MB reserved,      16.00 MB (100%) committed,  2 nodes.
      Class space:        1.00 GB reserved,       2.56 MB ( <1%) committed,  1 nodes.
              Both:        1.02 GB reserved,      18.56 MB (  2%) committed. 

Chunk freelists:
   Non-Class:  16.00 KB
       Class:  1.48 MB
        Both:  1.50 MB

MaxMetaspaceSize: 17179869184.00 GB
CompressedClassSpaceSize: 1.00 GB
 - commit_granule_bytes: 65536.
 - commit_granule_words: 8192.
 - virtual_space_node_default_size: 1048576.
 - enlarge_chunks_in_place: 1.
 - new_chunks_are_fully_committed: 0.
 - uncommit_free_chunks: 1.
 - use_allocation_guard: 0.
 - handle_deallocations: 1.


Internal statistics:

num_allocs_failed_limit: 0.
num_arena_births: 98.
num_arena_deaths: 0.
num_vsnodes_births: 3.
num_vsnodes_deaths: 0.
num_space_committed: 297.
num_space_uncommitted: 0.
num_chunks_returned_to_freelist: 0.
num_chunks_taken_from_freelist: 647.
num_chunk_merges: 0.
num_chunk_splits: 483.
num_chunks_enlarged: 410.
num_purges: 0.

CodeHeap 'non-profiled nmethods': size=120000Kb used=1166Kb max_used=1166Kb free=118833Kb
 bounds [0x00000284c2480000, 0x00000284c26f0000, 0x00000284c99b0000]
CodeHeap 'profiled nmethods': size=120000Kb used=5046Kb max_used=5046Kb free=114953Kb
 bounds [0x00000284baf50000, 0x00000284bb440000, 0x00000284c2480000]
CodeHeap 'non-nmethods': size=5760Kb used=1224Kb max_used=1266Kb free=4536Kb
 bounds [0x00000284ba9b0000, 0x00000284bac20000, 0x00000284baf50000]
 total_blobs=3067 nmethods=2548 adapters=430
 compilation: enabled
              stopped_count=0, restarted_count=0
 full_count=0

Compilation events (20 events):
Event: 6.153 Thread 0x00000284cd19c8d0 2547       3       java.io.ByteArrayOutputStream::ensureCapacity (32 bytes)
Event: 6.154 Thread 0x00000284cd19c8d0 nmethod 2547 0x00000284bb438890 code [0x00000284bb438a80, 0x00000284bb438f78]
Event: 6.154 Thread 0x00000284cd19c8d0 2548       3       sun.security.util.DerInputStream::<init> (38 bytes)
Event: 6.155 Thread 0x00000284cd19c8d0 nmethod 2548 0x00000284bb439190 code [0x00000284bb439340, 0x00000284bb439518]
Event: 6.155 Thread 0x00000284cd19c8d0 2549       3       java.util.ArrayList::toArray (57 bytes)
Event: 6.155 Thread 0x00000284cd19c8d0 nmethod 2549 0x00000284bb439610 code [0x00000284bb439800, 0x00000284bb439d98]
Event: 6.155 Thread 0x00000284cd19c8d0 2552       3       sun.security.util.DerValue::<init> (401 bytes)
Event: 6.157 Thread 0x00000284cd19c8d0 nmethod 2552 0x00000284bb439f10 code [0x00000284bb43a260, 0x00000284bb43b6a8]
Event: 6.157 Thread 0x00000284cd19c8d0 2554       3       java.lang.StringBuilder::append (8 bytes)
Event: 6.157 Thread 0x00000284cd19c8d0 nmethod 2554 0x00000284bb43bd10 code [0x00000284bb43bec0, 0x00000284bb43c008]
Event: 6.157 Thread 0x00000284cd19c8d0 2550       3       sun.security.util.DerValue::data (29 bytes)
Event: 6.157 Thread 0x00000284cd19c8d0 nmethod 2550 0x00000284bb43c090 code [0x00000284bb43c240, 0x00000284bb43c408]
Event: 6.157 Thread 0x00000284cd19c8d0 2553  s    3       java.io.ByteArrayOutputStream::write (32 bytes)
Event: 6.157 Thread 0x00000284cd19c8d0 nmethod 2553 0x00000284bb43c510 code [0x00000284bb43c6c0, 0x00000284bb43c908]
Event: 6.158 Thread 0x00000284cd19c8d0 2555       3       sun.security.util.DerInputStream::getDerValue (76 bytes)
Event: 6.158 Thread 0x00000284cd19c8d0 nmethod 2555 0x00000284bb43ca10 code [0x00000284bb43cbc0, 0x00000284bb43ce28]
Event: 6.159 Thread 0x00000284cd19c8d0 2556       3       java.util.Arrays::equals (43 bytes)
Event: 6.159 Thread 0x00000284cd19c8d0 nmethod 2556 0x00000284bb43cf90 code [0x00000284bb43d160, 0x00000284bb43d448]
Event: 6.160 Thread 0x00000284cd19c8d0 2557       3       sun.security.util.DerInputStream::available (10 bytes)
Event: 6.160 Thread 0x00000284cd19c8d0 nmethod 2557 0x00000284bb43d510 code [0x00000284bb43d6a0, 0x00000284bb43d7b8]

GC Heap History (7 events):
Event: 1.460 GC heap before
{Heap before GC invocations=0 (full 0):
 garbage-first heap   total 258048K, used 14336K [0x00000000e0000000, 0x0000000100000000)
  region size 1024K, 13 young (13312K), 0 survivors (0K)
 Metaspace       used 1918K, committed 2048K, reserved 1056768K
  class space    used 158K, committed 192K, reserved 1048576K
}
Event: 1.468 GC heap after
{Heap after GC invocations=1 (full 0):
 garbage-first heap   total 258048K, used 10723K [0x00000000e0000000, 0x0000000100000000)
  region size 1024K, 2 young (2048K), 2 survivors (2048K)
 Metaspace       used 1918K, committed 2048K, reserved 1056768K
  class space    used 158K, committed 192K, reserved 1048576K
}
Event: 2.403 GC heap before
{Heap before GC invocations=1 (full 0):
 garbage-first heap   total 258048K, used 20963K [0x00000000e0000000, 0x0000000100000000)
  region size 1024K, 12 young (12288K), 2 survivors (2048K)
 Metaspace       used 4908K, committed 5120K, reserved 1056768K
  class space    used 562K, committed 640K, reserved 1048576K
}
Event: 2.408 GC heap after
{Heap after GC invocations=2 (full 0):
 garbage-first heap   total 258048K, used 11448K [0x00000000e0000000, 0x0000000100000000)
  region size 1024K, 1 young (1024K), 1 survivors (1024K)
 Metaspace       used 4908K, committed 5120K, reserved 1056768K
  class space    used 562K, committed 640K, reserved 1048576K
}
Event: 3.865 GC heap before
{Heap before GC invocations=2 (full 0):
 garbage-first heap   total 258048K, used 30904K [0x00000000e0000000, 0x0000000100000000)
  region size 1024K, 21 young (21504K), 1 survivors (1024K)
 Metaspace       used 9719K, committed 9856K, reserved 1064960K
  class space    used 1141K, committed 1216K, reserved 1048576K
}
Event: 3.868 GC heap after
{Heap after GC invocations=3 (full 0):
 garbage-first heap   total 258048K, used 12410K [0x00000000e0000000, 0x0000000100000000)
  region size 1024K, 2 young (2048K), 2 survivors (2048K)
 Metaspace       used 9719K, committed 9856K, reserved 1064960K
  class space    used 1141K, committed 1216K, reserved 1048576K
}
Event: 6.160 GC heap before
{Heap before GC invocations=3 (full 0):
 garbage-first heap   total 258048K, used 92282K [0x00000000e0000000, 0x0000000100000000)
  region size 1024K, 80 young (81920K), 2 survivors (2048K)
 Metaspace       used 18757K, committed 19008K, reserved 1064960K
  class space    used 2483K, committed 2624K, reserved 1048576K
}

Deoptimization events (20 events):
Event: 5.871 Thread 0x00000284b3249d00 Uncommon trap: trap_request=0xffffff3d fr.pc=0x00000284c256ddb8 relative=0x00000000000000d8
Event: 5.871 Thread 0x00000284b3249d00 Uncommon trap: reason=unstable_fused_if action=reinterpret pc=0x00000284c256ddb8 method=java.io.WinNTFileSystem.isLetter(C)Z @ 15 c2
Event: 5.871 Thread 0x00000284b3249d00 DEOPT PACKING pc=0x00000284c256ddb8 sp=0x000000c609dfd540
Event: 5.871 Thread 0x00000284b3249d00 DEOPT UNPACKING pc=0x00000284ba9fd72e sp=0x000000c609dfd470 mode 2
Event: 5.879 Thread 0x00000284b3249d00 Uncommon trap: trap_request=0xffffffc6 fr.pc=0x00000284c256f6e8 relative=0x0000000000000c68
Event: 5.879 Thread 0x00000284b3249d00 Uncommon trap: reason=bimorphic_or_optimized_type_check action=maybe_recompile pc=0x00000284c256f6e8 method=com.google.common.collect.ImmutableSet.rebuildHashTable(I[Ljava/lang/Object;I)[Ljava/lang/Object; @ 28 c2
Event: 5.879 Thread 0x00000284b3249d00 DEOPT PACKING pc=0x00000284c256f6e8 sp=0x000000c609dfd370
Event: 5.879 Thread 0x00000284b3249d00 DEOPT UNPACKING pc=0x00000284ba9fd72e sp=0x000000c609dfd298 mode 2
Event: 5.987 Thread 0x00000284b3249d00 Uncommon trap: trap_request=0xffffff45 fr.pc=0x00000284c249660c relative=0x00000000000003cc
Event: 5.987 Thread 0x00000284b3249d00 Uncommon trap: reason=unstable_if action=reinterpret pc=0x00000284c249660c method=java.lang.StringLatin1.canEncode(I)Z @ 4 c2
Event: 5.988 Thread 0x00000284b3249d00 DEOPT PACKING pc=0x00000284c249660c sp=0x000000c609dfd540
Event: 5.988 Thread 0x00000284b3249d00 DEOPT UNPACKING pc=0x00000284ba9fd72e sp=0x000000c609dfd468 mode 2
Event: 5.988 Thread 0x00000284b3249d00 Uncommon trap: trap_request=0xffffff45 fr.pc=0x00000284c24a1dfc relative=0x00000000000003bc
Event: 5.988 Thread 0x00000284b3249d00 Uncommon trap: reason=unstable_if action=reinterpret pc=0x00000284c24a1dfc method=java.lang.AbstractStringBuilder.isLatin1()Z @ 10 c2
Event: 5.988 Thread 0x00000284b3249d00 DEOPT PACKING pc=0x00000284c24a1dfc sp=0x000000c609dfd550
Event: 5.988 Thread 0x00000284b3249d00 DEOPT UNPACKING pc=0x00000284ba9fd72e sp=0x000000c609dfd4d0 mode 2
Event: 5.994 Thread 0x00000284b3249d00 Uncommon trap: trap_request=0xffffff45 fr.pc=0x00000284c24d5be8 relative=0x0000000000000048
Event: 5.994 Thread 0x00000284b3249d00 Uncommon trap: reason=unstable_if action=reinterpret pc=0x00000284c24d5be8 method=java.lang.CharacterData.of(I)Ljava/lang/CharacterData; @ 4 c2
Event: 5.994 Thread 0x00000284b3249d00 DEOPT PACKING pc=0x00000284c24d5be8 sp=0x000000c609dfccd0
Event: 5.994 Thread 0x00000284b3249d00 DEOPT UNPACKING pc=0x00000284ba9fd72e sp=0x000000c609dfcc68 mode 2

Classes unloaded (0 events):
No events

Classes redefined (0 events):
No events

Internal exceptions (20 events):
Event: 2.247 Thread 0x00000284b3249d00 Exception <a 'java/lang/NoSuchMethodError'{0x00000000ef30bbb8}: 'int java.lang.invoke.DirectMethodHandle$Holder.invokeStaticInit(java.lang.Object, java.lang.Object)'> (0x00000000ef30bbb8) 
thrown [t:\workspace\open\src\hotspot\share\interpreter\linkResolver.cpp, line 790]
Event: 2.295 Thread 0x00000284b3249d00 Exception <a 'java/lang/NoSuchMethodError'{0x00000000ef3b3170}: 'void java.lang.invoke.DirectMethodHandle$Holder.invokeStatic(java.lang.Object, java.lang.Object, java.lang.Object)'> (0x00000000ef3b3170) 
thrown [t:\workspace\open\src\hotspot\share\interpreter\linkResolver.cpp, line 790]
Event: 2.295 Thread 0x00000284b3249d00 Exception <a 'java/lang/NoSuchMethodError'{0x00000000ef3b6a60}: 'void java.lang.invoke.DirectMethodHandle$Holder.invokeStaticInit(java.lang.Object, java.lang.Object, java.lang.Object)'> (0x00000000ef3b6a60) 
thrown [t:\workspace\open\src\hotspot\share\interpreter\linkResolver.cpp, line 790]
Event: 2.393 Thread 0x00000284b3249d00 Exception <a 'java/lang/NoSuchMethodError'{0x00000000ef2cf370}: 'java.lang.Object java.lang.invoke.Invokers$Holder.invokeExact_MT(java.lang.Object, int, java.lang.Object)'> (0x00000000ef2cf370) 
thrown [t:\workspace\open\src\hotspot\share\interpreter\linkResolver.cpp, line 790]
Event: 2.482 Thread 0x00000284b3249d00 Exception <a 'java/lang/NoSuchMethodError'{0x00000000efb78c58}: 'int java.lang.invoke.DirectMethodHandle$Holder.invokeSpecial(java.lang.Object, java.lang.Object, java.lang.Object, java.lang.Object)'> (0x00000000efb78c58) 
thrown [t:\workspace\open\src\hotspot\share\interpreter\linkResolver.cpp, line 790]
Event: 3.106 Thread 0x00000284b3249d00 Exception <a 'java/lang/NoSuchMethodError'{0x00000000ef4a3758}: 'int java.lang.invoke.DirectMethodHandle$Holder.invokeStatic(java.lang.Object, java.lang.Object, int)'> (0x00000000ef4a3758) 
thrown [t:\workspace\open\src\hotspot\share\interpreter\linkResolver.cpp, line 790]
Event: 3.251 Thread 0x00000284b3249d00 Exception <a 'java/lang/NoSuchMethodError'{0x00000000ef384010}: 'int java.lang.invoke.DirectMethodHandle$Holder.invokeVirtual(java.lang.Object, java.lang.Object)'> (0x00000000ef384010) 
thrown [t:\workspace\open\src\hotspot\share\interpreter\linkResolver.cpp, line 790]
Event: 3.453 Thread 0x00000284b3249d00 Exception <a 'java/lang/IncompatibleClassChangeError'{0x00000000eeda6c58}: Found class java.lang.Object, but interface was expected> (0x00000000eeda6c58) 
thrown [t:\workspace\open\src\hotspot\share\interpreter\linkResolver.cpp, line 857]
Event: 3.698 Thread 0x00000284b3249d00 Exception <a 'java/lang/NullPointerException'{0x00000000eeaf7ec8}> (0x00000000eeaf7ec8) 
thrown [t:\workspace\open\src\hotspot\share\interpreter\linkResolver.cpp, line 1468]
Event: 3.750 Thread 0x00000284b3249d00 Implicit null exception at 0x00000284c24ef45e to 0x00000284c24efdbc
Event: 4.139 Thread 0x00000284b3249d00 Exception <a 'java/lang/NoSuchMethodError'{0x00000000ef5b3f38}: 'java.lang.Object java.lang.invoke.DirectMethodHandle$Holder.invokeStatic(java.lang.Object, int, java.lang.Object)'> (0x00000000ef5b3f38) 
thrown [t:\workspace\open\src\hotspot\share\interpreter\linkResolver.cpp, line 790]
Event: 4.216 Thread 0x00000284b3249d00 Exception <a 'sun/nio/fs/WindowsException'{0x00000000ef3850f8}> (0x00000000ef3850f8) 
thrown [t:\workspace\open\src\hotspot\share\prims\jni.cpp, line 579]
Event: 4.216 Thread 0x00000284b3249d00 Exception <a 'sun/nio/fs/WindowsException'{0x00000000ef385348}> (0x00000000ef385348) 
thrown [t:\workspace\open\src\hotspot\share\prims\jni.cpp, line 579]
Event: 4.984 Thread 0x00000284b3249d00 Exception <a 'java/lang/NoSuchMethodError'{0x00000000ee449c00}: 'void java.lang.invoke.DirectMethodHandle$Holder.invokeStaticInit(java.lang.Object, java.lang.Object)'> (0x00000000ee449c00) 
thrown [t:\workspace\open\src\hotspot\share\interpreter\linkResolver.cpp, line 790]
Event: 4.995 Thread 0x00000284b3249d00 Exception <a 'java/lang/NoSuchMethodError'{0x00000000ee479f28}: 'java.lang.Object java.lang.invoke.DirectMethodHandle$Holder.invokeInterface(java.lang.Object, java.lang.Object, java.lang.Object)'> (0x00000000ee479f28) 
thrown [t:\workspace\open\src\hotspot\share\interpreter\linkResolver.cpp, line 790]
Event: 4.995 Thread 0x00000284b3249d00 Exception <a 'java/lang/IncompatibleClassChangeError'{0x00000000ee47dc88}: Found class java.lang.Object, but interface was expected> (0x00000000ee47dc88) 
thrown [t:\workspace\open\src\hotspot\share\interpreter\linkResolver.cpp, line 857]
Event: 4.997 Thread 0x00000284b3249d00 Exception <a 'java/lang/NoSuchMethodError'{0x00000000ee4869a0}: 'int java.lang.invoke.DirectMethodHandle$Holder.invokeSpecialIFC(java.lang.Object, java.lang.Object, java.lang.Object, java.lang.Object)'> (0x00000000ee4869a0) 
thrown [t:\workspace\open\src\hotspot\share\interpreter\linkResolver.cpp, line 790]
Event: 5.002 Thread 0x00000284b3249d00 Exception <a 'java/lang/NoSuchMethodError'{0x00000000ee4a16a8}: 'java.lang.Object java.lang.invoke.DirectMethodHandle$Holder.invokeStaticInit(java.lang.Object, java.lang.Object, java.lang.Object)'> (0x00000000ee4a16a8) 
thrown [t:\workspace\open\src\hotspot\share\interpreter\linkResolver.cpp, line 790]
Event: 5.182 Thread 0x00000284b3249d00 Exception <a 'java/lang/NoSuchMethodError'{0x00000000ee097010}: 'void java.lang.invoke.DirectMethodHandle$Holder.invokeSpecial(java.lang.Object, java.lang.Object, java.lang.Object, java.lang.Object, java.lang.Object)'> (0x00000000ee097010) 
thrown [t:\workspace\open\src\hotspot\share\interpreter\linkResolver.cpp, line 790]
Event: 5.245 Thread 0x00000284b3249d00 Exception <a 'java/lang/IncompatibleClassChangeError'{0x00000000edff92b8}: Found class java.lang.Object, but interface was expected> (0x00000000edff92b8) 
thrown [t:\workspace\open\src\hotspot\share\interpreter\linkResolver.cpp, line 857]

Events (20 events):
Event: 6.149 loading class java/lang/invoke/VarHandleReferences$FieldStaticReadOnly
Event: 6.149 loading class java/lang/invoke/VarHandleReferences$FieldStaticReadOnly done
Event: 6.149 loading class java/lang/invoke/VarHandleReferences$FieldStaticReadWrite done
Event: 6.149 loading class java/lang/System$Logger$Level
Event: 6.149 loading class java/lang/System$Logger$Level done
Event: 6.150 loading class jdk/internal/logger/LazyLoggers
Event: 6.150 loading class jdk/internal/logger/LazyLoggers done
Event: 6.150 loading class jdk/internal/logger/LazyLoggers$1
Event: 6.150 loading class jdk/internal/logger/LazyLoggers$1 done
Event: 6.150 loading class jdk/internal/logger/LazyLoggers$LazyLoggerFactories
Event: 6.150 loading class jdk/internal/logger/LazyLoggers$LazyLoggerFactories done
Event: 6.151 loading class jdk/internal/logger/LoggerFinderLoader
Event: 6.151 loading class jdk/internal/logger/LoggerFinderLoader done
Event: 6.152 loading class sun/util/logging/internal/LoggingProviderImpl$JULWrapper
Event: 6.153 loading class sun/util/logging/PlatformLogger$ConfigurableBridge$LoggerConfiguration
Event: 6.153 loading class sun/util/logging/PlatformLogger$ConfigurableBridge$LoggerConfiguration done
Event: 6.153 loading class sun/util/logging/internal/LoggingProviderImpl$JULWrapper done
Event: 6.154 loading class sun/security/x509/GeneralName
Event: 6.154 loading class sun/security/x509/GeneralName done
Event: 6.160 Executing  VM operation: G1CollectForAllocation


Dynamic libraries:
0x00007ff7217a0000 - 0x00007ff7217b0000 	C:\Program Files\Java\jdk-16.0.1\bin\java.exe
0x00007ffcbf4f0000 - 0x00007ffcbf6e5000 	C:\Windows\SYSTEM32\ntdll.dll
0x00007ffcbdd60000 - 0x00007ffcbde1d000 	C:\Windows\System32\KERNEL32.DLL
0x00007ffcbcc30000 - 0x00007ffcbcef8000 	C:\Windows\System32\KERNELBASE.dll
0x00007ffcbd210000 - 0x00007ffcbd310000 	C:\Windows\System32\ucrtbase.dll
0x00007ffcb64b0000 - 0x00007ffcb64c9000 	C:\Program Files\Java\jdk-16.0.1\bin\VCRUNTIME140.dll
0x00007ffcb4760000 - 0x00007ffcb4778000 	C:\Program Files\Java\jdk-16.0.1\bin\jli.dll
0x00007ffcbdff0000 - 0x00007ffcbe09c000 	C:\Windows\System32\ADVAPI32.dll
0x00007ffcbe940000 - 0x00007ffcbe9de000 	C:\Windows\System32\msvcrt.dll
0x00007ffcbd5b0000 - 0x00007ffcbd64b000 	C:\Windows\System32\sechost.dll
0x00007ffcbec80000 - 0x00007ffcbedab000 	C:\Windows\System32\RPCRT4.dll
0x00007ffcbf2b0000 - 0x00007ffcbf450000 	C:\Windows\System32\USER32.dll
0x00007ffcbd1e0000 - 0x00007ffcbd202000 	C:\Windows\System32\win32u.dll
0x00007ffcbf280000 - 0x00007ffcbf2aa000 	C:\Windows\System32\GDI32.dll
0x00007ffcbd440000 - 0x00007ffcbd54b000 	C:\Windows\System32\gdi32full.dll
0x00007ffcbd140000 - 0x00007ffcbd1dd000 	C:\Windows\System32\msvcp_win.dll
0x00007ffca9360000 - 0x00007ffca95fa000 	C:\Windows\WinSxS\amd64_microsoft.windows.common-controls_6595b64144ccf1df_6.0.19041.844_none_ca00b6081b84eb1d\COMCTL32.dll
0x00007ffcac9b0000 - 0x00007ffcac9ba000 	C:\Windows\SYSTEM32\VERSION.dll
0x00007ffcbde20000 - 0x00007ffcbde50000 	C:\Windows\System32\IMM32.DLL
0x00007ffcb8080000 - 0x00007ffcb808c000 	C:\Program Files\Java\jdk-16.0.1\bin\vcruntime140_1.dll
0x00007ffca7660000 - 0x00007ffca76f1000 	C:\Program Files\Java\jdk-16.0.1\bin\msvcp140.dll
0x00007ffc8fc90000 - 0x00007ffc9083b000 	C:\Program Files\Java\jdk-16.0.1\bin\server\jvm.dll
0x00007ffcbe9f0000 - 0x00007ffcbe9f8000 	C:\Windows\System32\PSAPI.DLL
0x00007ffcb8050000 - 0x00007ffcb8059000 	C:\Windows\SYSTEM32\WSOCK32.dll
0x00007ffcbde50000 - 0x00007ffcbdebb000 	C:\Windows\System32\WS2_32.dll
0x00007ffcac9c0000 - 0x00007ffcac9e7000 	C:\Windows\SYSTEM32\WINMM.dll
0x00007ffcbb500000 - 0x00007ffcbb512000 	C:\Windows\SYSTEM32\kernel.appcore.dll
0x00007ffcb7bb0000 - 0x00007ffcb7bba000 	C:\Program Files\Java\jdk-16.0.1\bin\jimage.dll
0x00007ffca8470000 - 0x00007ffca8654000 	C:\Windows\SYSTEM32\DBGHELP.DLL
0x00007ffca9330000 - 0x00007ffca935c000 	C:\Windows\SYSTEM32\dbgcore.DLL
0x00007ffcbd360000 - 0x00007ffcbd3e0000 	C:\Windows\System32\bcryptPrimitives.dll
0x00007ffcb5d30000 - 0x00007ffcb5d3e000 	C:\Program Files\Java\jdk-16.0.1\bin\instrument.dll
0x00007ffcb44f0000 - 0x00007ffcb4515000 	C:\Program Files\Java\jdk-16.0.1\bin\java.dll
0x00007ffcbe1e0000 - 0x00007ffcbe922000 	C:\Windows\System32\SHELL32.dll
0x00007ffcbad50000 - 0x00007ffcbb4e1000 	C:\Windows\SYSTEM32\windows.storage.dll
0x00007ffcbd960000 - 0x00007ffcbdcb5000 	C:\Windows\System32\combase.dll
0x00007ffcbc5d0000 - 0x00007ffcbc5fc000 	C:\Windows\SYSTEM32\Wldp.dll
0x00007ffcbe0a0000 - 0x00007ffcbe14e000 	C:\Windows\System32\SHCORE.dll
0x00007ffcbf220000 - 0x00007ffcbf275000 	C:\Windows\System32\shlwapi.dll
0x00007ffcbcb70000 - 0x00007ffcbcb8f000 	C:\Windows\SYSTEM32\profapi.dll
0x00007ffcb4490000 - 0x00007ffcb44a8000 	C:\Program Files\Java\jdk-16.0.1\bin\zip.dll
0x00007ffcb44d0000 - 0x00007ffcb44e9000 	C:\Program Files\Java\jdk-16.0.1\bin\net.dll
0x00007ffcac8a0000 - 0x00007ffcac9ab000 	C:\Windows\SYSTEM32\WINHTTP.dll
0x00007ffcbc340000 - 0x00007ffcbc3aa000 	C:\Windows\system32\mswsock.dll
0x00007ffcb44b0000 - 0x00007ffcb44c3000 	C:\Program Files\Java\jdk-16.0.1\bin\nio.dll
0x00007ffcb3f50000 - 0x00007ffcb3f6a000 	C:\Program Files\JetBrains\IntelliJ IDEA Community Edition 2021.1\bin\breakgen64.dll
0x00007ffcb4280000 - 0x00007ffcb4290000 	C:\Program Files\Java\jdk-16.0.1\bin\verify.dll

dbghelp: loaded successfully - version: 4.0.5 - missing functions: none
symbol engine: initialized successfully - sym options: 0x614 - pdb path: .;C:\Program Files\Java\jdk-16.0.1\bin;C:\Windows\SYSTEM32;C:\Windows\WinSxS\amd64_microsoft.windows.common-controls_6595b64144ccf1df_6.0.19041.844_none_ca00b6081b84eb1d;C:\Program Files\Java\jdk-16.0.1\bin\server;C:\Program Files\JetBrains\IntelliJ IDEA Community Edition 2021.1\bin

VM Arguments:
jvm_args: -ea -Xmx512m -Didea.test.cyclic.buffer.size=1048576 -javaagent:C:\Program Files\JetBrains\IntelliJ IDEA Community Edition 2021.1\lib\idea_rt.jar=63629:C:\Program Files\JetBrains\IntelliJ IDEA Community Edition 2021.1\bin -Dfile.encoding=UTF-8 
java_command: com.intellij.rt.junit.JUnitStarter -ideVersion5 -junit4 org.fasttrackit.features.search.ElementsTest,radioButtonTest
java_class_path (initial): C:\Program Files\JetBrains\IntelliJ IDEA Community Edition 2021.1\lib\idea_rt.jar;C:\Program Files\JetBrains\IntelliJ IDEA Community Edition 2021.1\plugins\junit\lib\junit5-rt.jar;C:\Program Files\JetBrains\IntelliJ IDEA Community Edition 2021.1\plugins\junit\lib\junit-rt.jar;C:\Users\ivonaionita\Desktop\QA\QAExerc\target\test-classes;C:\Users\ivonaionita\.m2\repository\net\serenity-bdd\serenity-core\2.4.4\serenity-core-2.4.4.jar;C:\Users\ivonaionita\.m2\repository\net\serenity-bdd\serenity-model\2.4.4\serenity-model-2.4.4.jar;C:\Users\ivonaionita\.m2\repository\org\apache\commons\commons-text\1.9\commons-text-1.9.jar;C:\Users\ivonaionita\.m2\repository\commons-net\commons-net\3.6\commons-net-3.6.jar;C:\Users\ivonaionita\.m2\repository\com\google\guava\guava\30.1-jre\guava-30.1-jre.jar;C:\Users\ivonaionita\.m2\repository\com\google\guava\failureaccess\1.0.1\failureaccess-1.0.1.jar;C:\Users\ivonaionita\.m2\repository\com\google\guava\listenablefuture\9999.0-empty-to-avoid-conflict-with-guava\listenablefuture-9999.0-empty-to-avoid-conflict-with-guava.jar;C:\Users\ivonaionita\.m2\repository\com\google\code\findbugs\jsr305\3.0.2\jsr305-3.0.2.jar;C:\Users\ivonaionita\.m2\repository\org\checkerframework\checker-qual\3.5.0\checker-qual-3.5.0.jar;C:\Users\ivonaionita\.m2\repository\com\google\errorprone\error_prone_annotations\2.3.4\error_prone_annotations-2.3.4.jar;C:\Users\ivonaionita\.m2\repository\com\google\j2objc\j2objc-annotations\1.3\j2objc-annotations-1.3.jar;C:\Users\ivonaionita\.m2\repository\com\google\inject\guice\5.0.1\guice-5.0.1.jar;C:\Users\ivonaionita\.m2\repository\javax\inject\javax.inject\1\javax.inject-1.jar;C:\Users\ivonaionita\.m2\repository\aopalliance\aopalliance\1.0\aopalliance-1.0.jar;C:\Users\ivonaionita\.m2\repository\org\jsoup\jsoup\1.13.1\jsoup-1.13.1.jar;C:\Users\ivonaionita\.m2\repository\com\thoughtworks\xstream\xstream\1.4.13\xstream-1.4.13.jar;C:\Users\ivonaionita\.m2\repository\xmlpull\xmlpull\1.1.3.1\xmlpul
Launcher Type: SUN_STANDARD

[Global flags]
     intx CICompilerCount                          = 3                                         {product} {ergonomic}
     uint ConcGCThreads                            = 1                                         {product} {ergonomic}
     uint G1ConcRefinementThreads                  = 4                                         {product} {ergonomic}
   size_t G1HeapRegionSize                         = 1048576                                   {product} {ergonomic}
    uintx GCDrainStackTargetSize                   = 64                                        {product} {ergonomic}
   size_t InitialHeapSize                          = 264241152                                 {product} {ergonomic}
   size_t MarkStackSize                            = 4194304                                   {product} {ergonomic}
   size_t MaxHeapSize                              = 536870912                                 {product} {command line}
   size_t MaxNewSize                               = 321912832                                 {product} {ergonomic}
   size_t MinHeapDeltaBytes                        = 1048576                                   {product} {ergonomic}
   size_t MinHeapSize                              = 8388608                                   {product} {ergonomic}
    uintx NonNMethodCodeHeapSize                   = 5832780                                {pd product} {ergonomic}
    uintx NonProfiledCodeHeapSize                  = 122912730                              {pd product} {ergonomic}
    uintx ProfiledCodeHeapSize                     = 122912730                              {pd product} {ergonomic}
    uintx ReservedCodeCacheSize                    = 251658240                              {pd product} {ergonomic}
     bool SegmentedCodeCache                       = true                                      {product} {ergonomic}
   size_t SoftMaxHeapSize                          = 536870912                              {manageable} {ergonomic}
     bool UseCompressedClassPointers               = true                           {product lp64_product} {ergonomic}
     bool UseCompressedOops                        = true                           {product lp64_product} {ergonomic}
     bool UseG1GC                                  = true                                      {product} {ergonomic}
     bool UseLargePagesIndividualAllocation        = false                                  {pd product} {ergonomic}

Logging:
Log output configuration:
 #0: stdout all=warning uptime,level,tags
 #1: stderr all=off uptime,level,tags

Environment Variables:
JAVA_HOME=C:\Program Files\Java\jdk-16.0.1
PATH=C:\Windows\System32;C:\Program Files\Java\jdk-16.0.1\bin;C:\Windows\system32;C:\Windows;C:\Windows\System32\Wbem;C:\Windows\System32\WindowsPowerShell\v1.0\;C:\Windows\System32\OpenSSH\;C:\Users\ivonaionita\Downloads\apache-maven-3.8.1-bin\bin;C:\Program Files\Java\jdk-16.0.1\bin;%MAVEN_HOME%\bin;C:\Program Files\Git\cmd;C:\Users\ivonaionita\AppData\Local\Microsoft\WindowsApps;
USERNAME=ivonaionita
OS=Windows_NT
PROCESSOR_IDENTIFIER=Intel64 Family 6 Model 61 Stepping 4, GenuineIntel



---------------  S Y S T E M  ---------------

OS:
 Windows 10 , 64 bit Build 19041 (10.0.19041.928)
OS uptime: 22 days 1:05 hours

CPU: total 4 (initial active 4) (2 cores per cpu, 2 threads per core) family 6 model 61 stepping 4 microcode 0x2f, cx8, cmov, fxsr, ht, mmx, 3dnowpref, sse, sse2, sse3, ssse3, sse4.1, sse4.2, popcnt, lzcnt, tsc, tscinvbit, avx, avx2, aes, erms, clmul, bmi1, bmi2, adx, fma, vzeroupper, clflush

Memory: 4k page, system-wide physical 16118M (8405M free)
TotalPageFile size 19062M (AvailPageFile size 6908M)
current process WorkingSet (physical memory assigned to process): 210M, peak: 210M
current process commit charge ("private bytes"): 396M, peak: 399M

vm_info: Java HotSpot(TM) 64-Bit Server VM (16.0.1+9-24) for windows-amd64 JRE (16.0.1+9-24), built on Mar 26 2021 19:31:42 by "mach5one" with MS VC++ 16.7 (VS2019)

END.
